Looking for git in: git
Using git 2.20.1 from git
> git rev-parse --show-toplevel
> git rev-parse --git-dir
Open repository: /home/andersonlima/anderson git js/anderson
> git fetch
> git status -z -u
> git symbolic-ref --short HEAD
> git rev-parse master
> git rev-parse --symbolic-full-name master@{u}
> git check-ignore -v -z --stdin
From https://github.com/lcbjrrr/anderson
   9343016..d3c4436  master     -> origin/master
> git rev-list --left-right master...refs/remotes/origin/master
> git for-each-ref --sort -committerdate --format %(refname) %(objectname)
> git remote --verbose
> git config --get commit.template
> git status -z -u
> git show --textconv :notas.py
> git ls-files --stage -- /home/andersonlima/anderson git js/anderson/notas.py
> git symbolic-ref --short HEAD
> git cat-file -s d4ecca5a101594f1b443bd3ce9218d8600980c16
> git rev-parse master
> git rev-parse --symbolic-full-name master@{u}
> git rev-list --left-right master...refs/remotes/origin/master
> git for-each-ref --sort -committerdate --format %(refname) %(objectname)
> git remote --verbose
> git config --get commit.template
> git ls-files --stage -- /home/andersonlima/anderson git js/anderson/notas.py
> git cat-file -s d4ecca5a101594f1b443bd3ce9218d8600980c16
> git show --textconv :notas.py
> git show --textconv :.vscode/settings.json
> git ls-files --stage -- /home/andersonlima/anderson git js/anderson/.vscode/settings.json
> git cat-file -s 615aafb035a1f363f614a893635f9d40d63ba911
> git check-ignore -v -z --stdin
