0 info it worked if it ends with ok
1 warn npm npm does not support Node.js v10.21.0
2 warn npm You should probably upgrade to a newer version of node as we
3 warn npm can't make any promises that npm will work with this version.
4 warn npm Supported releases of Node.js are the latest release of 4, 6, 7, 8, 9.
5 warn npm You can find the latest version at https://nodejs.org/
6 verbose cli [ '/usr/bin/node',
6 verbose cli   '/usr/share/npm/bin/npm-cli.js',
6 verbose cli   'install',
6 verbose cli   'crete-react-app@latest',
6 verbose cli   '--global',
6 verbose cli   '--prefix',
6 verbose cli   '/home/andersonlima/.npm/_npx/5485',
6 verbose cli   '--loglevel',
6 verbose cli   'error',
6 verbose cli   '--json' ]
7 info using npm@5.8.0
8 info using node@v10.21.0
9 verbose npm-session 401b2affaed12299
10 silly install loadCurrentTree
11 silly install readGlobalPackageData
12 http fetch GET 404 https://registry.npmjs.org/crete-react-app 1086ms
13 silly fetchPackageMetaData error for crete-react-app@latest 404 Not Found: crete-react-app@latest
14 verbose stack Error: 404 Not Found: crete-react-app@latest
14 verbose stack     at fetch.then.res (/usr/share/npm/node_modules/pacote/lib/fetchers/registry/fetch.js:42:19)
14 verbose stack     at tryCatcher (/usr/lib/nodejs/bluebird/js/release/util.js:16:23)
14 verbose stack     at Promise._settlePromiseFromHandler (/usr/lib/nodejs/bluebird/js/release/promise.js:512:31)
14 verbose stack     at Promise._settlePromise (/usr/lib/nodejs/bluebird/js/release/promise.js:569:18)
14 verbose stack     at Promise._settlePromise0 (/usr/lib/nodejs/bluebird/js/release/promise.js:614:10)
14 verbose stack     at Promise._settlePromises (/usr/lib/nodejs/bluebird/js/release/promise.js:693:18)
14 verbose stack     at Async._drainQueue (/usr/lib/nodejs/bluebird/js/release/async.js:133:16)
14 verbose stack     at Async._drainQueues (/usr/lib/nodejs/bluebird/js/release/async.js:143:10)
14 verbose stack     at Immediate.Async.drainQueues [as _onImmediate] (/usr/lib/nodejs/bluebird/js/release/async.js:17:14)
14 verbose stack     at runCallback (timers.js:705:18)
14 verbose stack     at tryOnImmediate (timers.js:676:5)
14 verbose stack     at processImmediate (timers.js:658:5)
15 verbose cwd /home/andersonlima
16 verbose Linux 5.4.40-04224-g891a6cce2d44
17 verbose argv "/usr/bin/node" "/usr/share/npm/bin/npm-cli.js" "install" "crete-react-app@latest" "--global" "--prefix" "/home/andersonlima/.npm/_npx/5485" "--loglevel" "error" "--json"
18 verbose node v10.21.0
19 verbose npm  v5.8.0
20 error code E404
21 error 404 Not Found: crete-react-app@latest
22 verbose exit [ 1, true ]
