0 info it worked if it ends with ok
1 warn npm npm does not support Node.js v10.21.0
2 warn npm You should probably upgrade to a newer version of node as we
3 warn npm can't make any promises that npm will work with this version.
4 warn npm Supported releases of Node.js are the latest release of 4, 6, 7, 8, 9.
5 warn npm You can find the latest version at https://nodejs.org/
6 verbose cli [ '/usr/bin/node', '/usr/bin/npm', 'start' ]
7 info using npm@5.8.0
8 info using node@v10.21.0
9 verbose run-script [ 'prestart', 'start', 'poststart' ]
10 info lifecycle flix@0.1.0~prestart: flix@0.1.0
11 info lifecycle flix@0.1.0~start: flix@0.1.0
12 verbose lifecycle flix@0.1.0~start: unsafe-perm in lifecycle true
13 verbose lifecycle flix@0.1.0~start: PATH: /usr/share/npm/node_modules/npm-lifecycle/node-gyp-bin:/home/andersonlima/flixapp0-master/node_modules/.bin:/home/andersonlima/.local/bin:/usr/local/bin:/usr/bin:/bin:/usr/local/games:/usr/games
14 verbose lifecycle flix@0.1.0~start: CWD: /home/andersonlima/flixapp0-master
15 silly lifecycle flix@0.1.0~start: Args: [ '-c', 'react-scripts start' ]
16 info lifecycle flix@0.1.0~start: Failed to exec start script
17 verbose stack Error: flix@0.1.0 start: `react-scripts start`
17 verbose stack spawn ENOENT
17 verbose stack     at ChildProcess.<anonymous> (/usr/share/npm/node_modules/npm-lifecycle/lib/spawn.js:48:18)
17 verbose stack     at ChildProcess.emit (events.js:198:13)
17 verbose stack     at maybeClose (internal/child_process.js:982:16)
17 verbose stack     at Process.ChildProcess._handle.onexit (internal/child_process.js:259:5)
18 verbose pkgid flix@0.1.0
19 verbose cwd /home/andersonlima/flixapp0-master
20 verbose Linux 5.4.40-04224-g891a6cce2d44
21 verbose argv "/usr/bin/node" "/usr/bin/npm" "start"
22 verbose node v10.21.0
23 verbose npm  v5.8.0
24 error file sh
25 error code ELIFECYCLE
26 error errno ENOENT
27 error syscall spawn
28 error flix@0.1.0 start: `react-scripts start`
28 error spawn ENOENT
29 error Failed at the flix@0.1.0 start script.
29 error This is probably not a problem with npm. There is likely additional logging output above.
30 verbose exit [ 1, true ]
