0 info it worked if it ends with ok
1 warn npm npm does not support Node.js v10.21.0
2 warn npm You should probably upgrade to a newer version of node as we
3 warn npm can't make any promises that npm will work with this version.
4 warn npm Supported releases of Node.js are the latest release of 4, 6, 7, 8, 9.
5 warn npm You can find the latest version at https://nodejs.org/
6 verbose cli [ '/usr/bin/node', '/usr/bin/npm', 'build', 'run' ]
7 info using npm@5.8.0
8 info using node@v10.21.0
9 info build /home/andersonlima/allflix/run
10 verbose stack Error: ENOENT: no such file or directory, open '/home/andersonlima/allflix/run/package.json'
11 verbose cwd /home/andersonlima/allflix
12 verbose Linux 5.4.40-04224-g891a6cce2d44
13 verbose argv "/usr/bin/node" "/usr/bin/npm" "build" "run"
14 verbose node v10.21.0
15 verbose npm  v5.8.0
16 error path /home/andersonlima/allflix/run/package.json
17 error code ENOENT
18 error errno -2
19 error syscall open
20 error enoent ENOENT: no such file or directory, open '/home/andersonlima/allflix/run/package.json'
21 error enoent This is related to npm not being able to find a file.
22 verbose exit [ -2, true ]
