0 info it worked if it ends with ok
1 warn npm npm does not support Node.js v10.21.0
2 warn npm You should probably upgrade to a newer version of node as we
3 warn npm can't make any promises that npm will work with this version.
4 warn npm Supported releases of Node.js are the latest release of 4, 6, 7, 8, 9.
5 warn npm You can find the latest version at https://nodejs.org/
6 verbose cli [ '/usr/bin/node', '/usr/bin/npm', 'install', '-g', 'serve' ]
7 info using npm@5.8.0
8 info using node@v10.21.0
9 verbose npm-session eb6c5a9ebdd33d83
10 silly install loadCurrentTree
11 silly install readGlobalPackageData
12 http fetch GET 200 https://registry.npmjs.org/serve 1335ms
13 http fetch GET 200 https://registry.npmjs.org/serve/-/serve-11.3.2.tgz 399ms
14 silly pacote tag manifest for serve@latest fetched in 1874ms
15 silly install loadIdealTree
16 silly install cloneCurrentTreeToIdealTree
17 silly install loadShrinkwrap
18 silly install loadAllDepsIntoIdealTree
19 silly resolveWithNewModule serve@11.3.2 checking installable status
20 http fetch GET 200 https://registry.npmjs.org/chalk 232ms (from cache)
21 http fetch GET 200 https://registry.npmjs.org/@zeit%2fschemas 494ms
22 http fetch GET 200 https://registry.npmjs.org/update-check 662ms
23 http fetch GET 304 https://registry.npmjs.org/compression 842ms (from cache)
24 http fetch GET 200 https://registry.npmjs.org/@zeit/schemas/-/schemas-2.6.0.tgz 476ms
25 http fetch GET 304 https://registry.npmjs.org/ajv 1031ms (from cache)
26 http fetch GET 200 https://registry.npmjs.org/serve-handler 1073ms
27 silly pacote version manifest for @zeit/schemas@2.6.0 fetched in 1185ms
28 silly resolveWithNewModule @zeit/schemas@2.6.0 checking installable status
29 http fetch GET 200 https://registry.npmjs.org/chalk/-/chalk-2.4.1.tgz 947ms
30 http fetch GET 200 https://registry.npmjs.org/update-check/-/update-check-1.5.2.tgz 532ms
31 http fetch GET 200 https://registry.npmjs.org/compression/-/compression-1.7.3.tgz 341ms
32 silly pacote version manifest for chalk@2.4.1 fetched in 1263ms
33 silly resolveWithNewModule chalk@2.4.1 checking installable status
34 silly pacote version manifest for update-check@1.5.2 fetched in 1256ms
35 silly resolveWithNewModule update-check@1.5.2 checking installable status
36 silly pacote version manifest for compression@1.7.3 fetched in 1280ms
37 silly resolveWithNewModule compression@1.7.3 checking installable status
38 http fetch GET 200 https://registry.npmjs.org/clipboardy 1315ms
39 http fetch GET 200 https://registry.npmjs.org/arg 1446ms
40 http fetch GET 200 https://registry.npmjs.org/serve-handler/-/serve-handler-6.1.3.tgz 539ms
41 http fetch GET 200 https://registry.npmjs.org/boxen 1673ms
42 silly pacote version manifest for serve-handler@6.1.3 fetched in 1930ms
43 silly resolveWithNewModule serve-handler@6.1.3 checking installable status
44 http fetch GET 200 https://registry.npmjs.org/ajv/-/ajv-6.5.3.tgz 903ms
45 http fetch GET 200 https://registry.npmjs.org/arg/-/arg-2.0.0.tgz 479ms
46 silly pacote version manifest for ajv@6.5.3 fetched in 2061ms
47 silly resolveWithNewModule ajv@6.5.3 checking installable status
48 silly pacote version manifest for arg@2.0.0 fetched in 2066ms
49 silly resolveWithNewModule arg@2.0.0 checking installable status
50 http fetch GET 200 https://registry.npmjs.org/boxen/-/boxen-1.3.0.tgz 321ms
51 silly pacote version manifest for boxen@1.3.0 fetched in 2081ms
52 silly resolveWithNewModule boxen@1.3.0 checking installable status
53 http fetch GET 200 https://registry.npmjs.org/clipboardy/-/clipboardy-1.2.3.tgz 792ms
54 silly pacote version manifest for clipboardy@1.2.3 fetched in 2143ms
55 silly resolveWithNewModule clipboardy@1.2.3 checking installable status
56 http fetch GET 304 https://registry.npmjs.org/uri-js 389ms (from cache)
57 http fetch GET 304 https://registry.npmjs.org/fast-json-stable-stringify 395ms (from cache)
58 http fetch GET 304 https://registry.npmjs.org/json-schema-traverse 399ms (from cache)
59 silly pacote range manifest for uri-js@^4.2.2 fetched in 412ms
60 silly resolveWithNewModule uri-js@4.2.2 checking installable status
61 silly pacote range manifest for fast-json-stable-stringify@^2.0.0 fetched in 420ms
62 silly resolveWithNewModule fast-json-stable-stringify@2.1.0 checking installable status
63 silly pacote range manifest for json-schema-traverse@^0.4.1 fetched in 422ms
64 silly resolveWithNewModule json-schema-traverse@0.4.1 checking installable status
65 http fetch GET 304 https://registry.npmjs.org/fast-deep-equal 566ms (from cache)
66 http fetch GET 200 https://registry.npmjs.org/fast-deep-equal/-/fast-deep-equal-2.0.1.tgz 531ms
67 silly pacote range manifest for fast-deep-equal@^2.0.1 fetched in 1160ms
68 silly resolveWithNewModule fast-deep-equal@2.0.1 checking installable status
69 http fetch GET 304 https://registry.npmjs.org/punycode 343ms (from cache)
70 silly pacote range manifest for punycode@^2.1.0 fetched in 359ms
71 silly resolveWithNewModule punycode@2.1.1 checking installable status
72 http fetch GET 200 https://registry.npmjs.org/term-size 360ms
73 http fetch GET 200 https://registry.npmjs.org/widest-line 360ms
74 http fetch GET 200 https://registry.npmjs.org/ansi-align 403ms
75 http fetch GET 200 https://registry.npmjs.org/cli-boxes 413ms
76 http fetch GET 304 https://registry.npmjs.org/camelcase 483ms (from cache)
77 http fetch GET 304 https://registry.npmjs.org/string-width 487ms (from cache)
78 silly pacote range manifest for string-width@^2.0.0 fetched in 521ms
79 silly resolveWithNewModule string-width@2.1.1 checking installable status
80 http fetch GET 200 https://registry.npmjs.org/term-size/-/term-size-1.2.0.tgz 383ms
81 http fetch GET 200 https://registry.npmjs.org/widest-line/-/widest-line-2.0.1.tgz 386ms
82 http fetch GET 200 https://registry.npmjs.org/ansi-align/-/ansi-align-2.0.0.tgz 384ms
83 http fetch GET 200 https://registry.npmjs.org/cli-boxes/-/cli-boxes-1.0.0.tgz 374ms
84 http fetch GET 200 https://registry.npmjs.org/camelcase/-/camelcase-4.1.0.tgz 305ms
85 silly pacote range manifest for term-size@^1.2.0 fetched in 853ms
86 silly resolveWithNewModule term-size@1.2.0 checking installable status
87 silly pacote range manifest for widest-line@^2.0.0 fetched in 860ms
88 silly resolveWithNewModule widest-line@2.0.1 checking installable status
89 silly pacote range manifest for ansi-align@^2.0.0 fetched in 879ms
90 silly resolveWithNewModule ansi-align@2.0.0 checking installable status
91 silly pacote range manifest for cli-boxes@^1.0.0 fetched in 873ms
92 silly resolveWithNewModule cli-boxes@1.0.0 checking installable status
93 silly pacote range manifest for camelcase@^4.0.0 fetched in 881ms
94 silly resolveWithNewModule camelcase@4.1.0 checking installable status
95 http fetch GET 304 https://registry.npmjs.org/is-fullwidth-code-point 290ms (from cache)
96 silly pacote range manifest for is-fullwidth-code-point@^2.0.0 fetched in 309ms
97 silly resolveWithNewModule is-fullwidth-code-point@2.0.0 checking installable status
98 http fetch GET 304 https://registry.npmjs.org/strip-ansi 319ms (from cache)
99 silly pacote range manifest for strip-ansi@^4.0.0 fetched in 340ms
100 silly resolveWithNewModule strip-ansi@4.0.0 checking installable status
101 http fetch GET 200 https://registry.npmjs.org/ansi-regex 46ms (from cache)
102 silly pacote range manifest for ansi-regex@^3.0.0 fetched in 48ms
103 silly resolveWithNewModule ansi-regex@3.0.0 checking installable status
104 http fetch GET 200 https://registry.npmjs.org/ansi-styles 26ms (from cache)
105 http fetch GET 200 https://registry.npmjs.org/supports-color 28ms (from cache)
106 silly pacote range manifest for ansi-styles@^3.2.1 fetched in 37ms
107 silly resolveWithNewModule ansi-styles@3.2.1 checking installable status
108 silly pacote range manifest for supports-color@^5.3.0 fetched in 38ms
109 silly resolveWithNewModule supports-color@5.5.0 checking installable status
110 http fetch GET 304 https://registry.npmjs.org/escape-string-regexp 272ms (from cache)
111 silly pacote range manifest for escape-string-regexp@^1.0.5 fetched in 279ms
112 silly resolveWithNewModule escape-string-regexp@1.0.5 checking installable status
113 http fetch GET 200 https://registry.npmjs.org/color-convert 34ms (from cache)
114 silly pacote range manifest for color-convert@^1.9.0 fetched in 45ms
115 silly resolveWithNewModule color-convert@1.9.3 checking installable status
116 http fetch GET 200 https://registry.npmjs.org/color-name 28ms (from cache)
117 silly pacote version manifest for color-name@1.1.3 fetched in 31ms
118 silly resolveWithNewModule color-name@1.1.3 checking installable status
119 http fetch GET 200 https://registry.npmjs.org/has-flag 24ms (from cache)
120 silly pacote range manifest for has-flag@^3.0.0 fetched in 29ms
121 silly resolveWithNewModule has-flag@3.0.0 checking installable status
122 http fetch GET 304 https://registry.npmjs.org/execa 343ms (from cache)
123 http fetch GET 200 https://registry.npmjs.org/execa/-/execa-0.7.0.tgz 258ms
124 silly pacote range manifest for execa@^0.7.0 fetched in 634ms
125 silly resolveWithNewModule execa@0.7.0 checking installable status
126 http fetch GET 304 https://registry.npmjs.org/cross-spawn 433ms (from cache)
127 http fetch GET 304 https://registry.npmjs.org/get-stream 435ms (from cache)
128 http fetch GET 304 https://registry.npmjs.org/is-stream 468ms (from cache)
129 http fetch GET 304 https://registry.npmjs.org/p-finally 463ms (from cache)
130 http fetch GET 304 https://registry.npmjs.org/npm-run-path 470ms (from cache)
131 http fetch GET 304 https://registry.npmjs.org/signal-exit 474ms (from cache)
132 silly pacote range manifest for is-stream@^1.1.0 fetched in 490ms
133 silly resolveWithNewModule is-stream@1.1.0 checking installable status
134 http fetch GET 304 https://registry.npmjs.org/strip-eof 485ms (from cache)
135 silly pacote range manifest for p-finally@^1.0.0 fetched in 487ms
136 silly resolveWithNewModule p-finally@1.0.0 checking installable status
137 silly pacote range manifest for npm-run-path@^2.0.0 fetched in 489ms
138 silly resolveWithNewModule npm-run-path@2.0.2 checking installable status
139 silly pacote range manifest for signal-exit@^3.0.0 fetched in 498ms
140 silly resolveWithNewModule signal-exit@3.0.3 checking installable status
141 silly pacote range manifest for strip-eof@^1.0.0 fetched in 504ms
142 silly resolveWithNewModule strip-eof@1.0.0 checking installable status
143 http fetch GET 200 https://registry.npmjs.org/cross-spawn/-/cross-spawn-5.1.0.tgz 319ms
144 http fetch GET 200 https://registry.npmjs.org/get-stream/-/get-stream-3.0.0.tgz 325ms
145 silly pacote range manifest for cross-spawn@^5.0.1 fetched in 774ms
146 silly resolveWithNewModule cross-spawn@5.1.0 checking installable status
147 silly pacote range manifest for get-stream@^3.0.0 fetched in 777ms
148 silly resolveWithNewModule get-stream@3.0.0 checking installable status
149 http fetch GET 304 https://registry.npmjs.org/shebang-command 330ms (from cache)
150 http fetch GET 304 https://registry.npmjs.org/which 330ms (from cache)
151 silly pacote range manifest for shebang-command@^1.2.0 fetched in 346ms
152 silly resolveWithNewModule shebang-command@1.2.0 checking installable status
153 silly pacote range manifest for which@^1.2.9 fetched in 354ms
154 silly resolveWithNewModule which@1.3.1 checking installable status
155 http fetch GET 304 https://registry.npmjs.org/lru-cache 367ms (from cache)
156 http fetch GET 200 https://registry.npmjs.org/lru-cache/-/lru-cache-4.1.5.tgz 526ms
157 silly pacote range manifest for lru-cache@^4.0.1 fetched in 942ms
158 silly resolveWithNewModule lru-cache@4.1.5 checking installable status
159 http fetch GET 200 https://registry.npmjs.org/pseudomap 253ms
160 http fetch GET 304 https://registry.npmjs.org/yallist 295ms (from cache)
161 http fetch GET 200 https://registry.npmjs.org/pseudomap/-/pseudomap-1.0.2.tgz 283ms
162 silly pacote range manifest for pseudomap@^1.0.2 fetched in 600ms
163 silly resolveWithNewModule pseudomap@1.0.2 checking installable status
164 http fetch GET 200 https://registry.npmjs.org/yallist/-/yallist-2.1.2.tgz 292ms
165 silly pacote range manifest for yallist@^2.1.2 fetched in 614ms
166 silly resolveWithNewModule yallist@2.1.2 checking installable status
167 http fetch GET 304 https://registry.npmjs.org/shebang-regex 254ms (from cache)
168 silly pacote range manifest for shebang-regex@^1.0.0 fetched in 260ms
169 silly resolveWithNewModule shebang-regex@1.0.0 checking installable status
170 http fetch GET 304 https://registry.npmjs.org/isexe 296ms (from cache)
171 silly pacote range manifest for isexe@^2.0.0 fetched in 307ms
172 silly resolveWithNewModule isexe@2.0.0 checking installable status
173 http fetch GET 304 https://registry.npmjs.org/path-key 277ms (from cache)
174 silly pacote range manifest for path-key@^2.0.0 fetched in 291ms
175 silly resolveWithNewModule path-key@2.0.1 checking installable status
176 http fetch GET 200 https://registry.npmjs.org/arch 294ms
177 http fetch GET 200 https://registry.npmjs.org/execa/-/execa-0.8.0.tgz 306ms
178 silly pacote range manifest for execa@^0.8.0 fetched in 325ms
179 silly resolveWithNewModule execa@0.8.0 checking installable status
180 http fetch GET 200 https://registry.npmjs.org/arch/-/arch-2.1.2.tgz 262ms
181 silly pacote range manifest for arch@^2.1.0 fetched in 611ms
182 silly resolveWithNewModule arch@2.1.2 checking installable status
183 http fetch GET 304 https://registry.npmjs.org/bytes 455ms (from cache)
184 http fetch GET 304 https://registry.npmjs.org/safe-buffer 448ms (from cache)
185 http fetch GET 304 https://registry.npmjs.org/on-headers 454ms (from cache)
186 http fetch GET 304 https://registry.npmjs.org/compressible 467ms (from cache)
187 http fetch GET 304 https://registry.npmjs.org/accepts 476ms (from cache)
188 http fetch GET 304 https://registry.npmjs.org/vary 471ms (from cache)
189 http fetch GET 304 https://registry.npmjs.org/debug 495ms (from cache)
190 silly pacote version manifest for bytes@3.0.0 fetched in 505ms
191 silly resolveWithNewModule bytes@3.0.0 checking installable status
192 silly pacote range manifest for on-headers@~1.0.1 fetched in 519ms
193 silly resolveWithNewModule on-headers@1.0.2 checking installable status
194 silly pacote range manifest for compressible@~2.0.14 fetched in 525ms
195 silly resolveWithNewModule compressible@2.0.18 checking installable status
196 silly pacote range manifest for accepts@~1.3.5 fetched in 532ms
197 silly resolveWithNewModule accepts@1.3.7 checking installable status
198 silly pacote range manifest for vary@~1.1.2 fetched in 528ms
199 silly resolveWithNewModule vary@1.1.2 checking installable status
200 silly pacote version manifest for debug@2.6.9 fetched in 551ms
201 silly resolveWithNewModule debug@2.6.9 checking installable status
202 http fetch GET 200 https://registry.npmjs.org/safe-buffer/-/safe-buffer-5.1.2.tgz 79ms (from cache)
203 silly pacote version manifest for safe-buffer@5.1.2 fetched in 577ms
204 silly resolveWithNewModule safe-buffer@5.1.2 checking installable status
205 http fetch GET 304 https://registry.npmjs.org/negotiator 281ms (from cache)
206 silly pacote version manifest for negotiator@0.6.2 fetched in 299ms
207 silly resolveWithNewModule negotiator@0.6.2 checking installable status
208 http fetch GET 304 https://registry.npmjs.org/mime-types 313ms (from cache)
209 silly pacote range manifest for mime-types@~2.1.24 fetched in 333ms
210 silly resolveWithNewModule mime-types@2.1.27 checking installable status
211 http fetch GET 304 https://registry.npmjs.org/mime-db 279ms (from cache)
212 silly pacote version manifest for mime-db@1.44.0 fetched in 284ms
213 silly resolveWithNewModule mime-db@1.44.0 checking installable status
214 http fetch GET 304 https://registry.npmjs.org/ms 307ms (from cache)
215 silly pacote version manifest for ms@2.0.0 fetched in 311ms
216 silly resolveWithNewModule ms@2.0.0 checking installable status
217 http fetch GET 200 https://registry.npmjs.org/fast-url-parser 275ms
218 http fetch GET 200 https://registry.npmjs.org/mime-types/-/mime-types-2.1.18.tgz 294ms
219 silly pacote version manifest for mime-types@2.1.18 fetched in 313ms
220 silly resolveWithNewModule mime-types@2.1.18 checking installable status
221 http fetch GET 304 https://registry.npmjs.org/path-is-inside 461ms (from cache)
222 http fetch GET 304 https://registry.npmjs.org/content-disposition 463ms (from cache)
223 http fetch GET 304 https://registry.npmjs.org/minimatch 471ms (from cache)
224 http fetch GET 304 https://registry.npmjs.org/range-parser 477ms (from cache)
225 http fetch GET 304 https://registry.npmjs.org/path-to-regexp 496ms (from cache)
226 http fetch GET 200 https://registry.npmjs.org/path-is-inside/-/path-is-inside-1.0.2.tgz 52ms (from cache)
227 silly pacote version manifest for path-is-inside@1.0.2 fetched in 524ms
228 silly resolveWithNewModule path-is-inside@1.0.2 checking installable status
229 http fetch GET 200 https://registry.npmjs.org/minimatch/-/minimatch-3.0.4.tgz 52ms (from cache)
230 silly pacote version manifest for minimatch@3.0.4 fetched in 544ms
231 silly resolveWithNewModule minimatch@3.0.4 checking installable status
232 http fetch GET 200 https://registry.npmjs.org/fast-url-parser/-/fast-url-parser-1.1.3.tgz 306ms
233 silly pacote version manifest for fast-url-parser@1.1.3 fetched in 600ms
234 silly resolveWithNewModule fast-url-parser@1.1.3 checking installable status
235 http fetch GET 200 https://registry.npmjs.org/content-disposition/-/content-disposition-0.5.2.tgz 288ms
236 http fetch GET 200 https://registry.npmjs.org/range-parser/-/range-parser-1.2.0.tgz 281ms
237 http fetch GET 200 https://registry.npmjs.org/path-to-regexp/-/path-to-regexp-2.2.1.tgz 273ms
238 silly pacote version manifest for content-disposition@0.5.2 fetched in 789ms
239 silly resolveWithNewModule content-disposition@0.5.2 checking installable status
240 silly pacote version manifest for range-parser@1.2.0 fetched in 795ms
241 silly resolveWithNewModule range-parser@1.2.0 checking installable status
242 silly pacote version manifest for path-to-regexp@2.2.1 fetched in 798ms
243 silly resolveWithNewModule path-to-regexp@2.2.1 checking installable status
244 silly pacote range manifest for punycode@^1.3.2 fetched in 20ms
245 silly resolveWithNewModule punycode@1.4.1 checking installable status
246 http fetch GET 200 https://registry.npmjs.org/mime-db/-/mime-db-1.33.0.tgz 283ms
247 silly pacote range manifest for mime-db@~1.33.0 fetched in 308ms
248 silly resolveWithNewModule mime-db@1.33.0 checking installable status
249 http fetch GET 304 https://registry.npmjs.org/brace-expansion 260ms (from cache)
250 silly pacote range manifest for brace-expansion@^1.1.7 fetched in 266ms
251 silly resolveWithNewModule brace-expansion@1.1.11 checking installable status
252 http fetch GET 304 https://registry.npmjs.org/balanced-match 295ms (from cache)
253 http fetch GET 304 https://registry.npmjs.org/concat-map 304ms (from cache)
254 silly pacote range manifest for balanced-match@^1.0.0 fetched in 305ms
255 silly resolveWithNewModule balanced-match@1.0.0 checking installable status
256 silly pacote version manifest for concat-map@0.0.1 fetched in 322ms
257 silly resolveWithNewModule concat-map@0.0.1 checking installable status
258 http fetch GET 200 https://registry.npmjs.org/registry-url 267ms
259 http fetch GET 200 https://registry.npmjs.org/registry-auth-token 269ms
260 http fetch GET 200 https://registry.npmjs.org/registry-url/-/registry-url-3.1.0.tgz 239ms
261 silly pacote version manifest for registry-url@3.1.0 fetched in 514ms
262 silly resolveWithNewModule registry-url@3.1.0 checking installable status
263 http fetch GET 200 https://registry.npmjs.org/registry-auth-token/-/registry-auth-token-3.3.2.tgz 691ms
264 silly pacote version manifest for registry-auth-token@3.3.2 fetched in 974ms
265 silly resolveWithNewModule registry-auth-token@3.3.2 checking installable status
266 http fetch GET 200 https://registry.npmjs.org/rc 264ms
267 http fetch GET 200 https://registry.npmjs.org/rc/-/rc-1.2.8.tgz 244ms
268 silly pacote range manifest for rc@^1.1.6 fetched in 519ms
269 silly resolveWithNewModule rc@1.2.8 checking installable status
270 http fetch GET 200 https://registry.npmjs.org/deep-extend 267ms
271 http fetch GET 304 https://registry.npmjs.org/ini 270ms (from cache)
272 http fetch GET 304 https://registry.npmjs.org/minimist 274ms (from cache)
273 silly pacote range manifest for ini@~1.3.0 fetched in 277ms
274 silly resolveWithNewModule ini@1.3.5 checking installable status
275 silly pacote range manifest for minimist@^1.2.0 fetched in 279ms
276 silly resolveWithNewModule minimist@1.2.5 checking installable status
277 http fetch GET 304 https://registry.npmjs.org/strip-json-comments 285ms (from cache)
278 http fetch GET 200 https://registry.npmjs.org/deep-extend/-/deep-extend-0.6.0.tgz 241ms
279 silly pacote range manifest for deep-extend@^0.6.0 fetched in 535ms
280 silly resolveWithNewModule deep-extend@0.6.0 checking installable status
281 http fetch GET 200 https://registry.npmjs.org/strip-json-comments/-/strip-json-comments-2.0.1.tgz 256ms
282 silly pacote range manifest for strip-json-comments@~2.0.1 fetched in 553ms
283 silly resolveWithNewModule strip-json-comments@2.0.1 checking installable status
284 silly currentTree lib
285 silly idealTree lib
285 silly idealTree └─┬ serve@11.3.2
285 silly idealTree   ├── @zeit/schemas@2.6.0
285 silly idealTree   ├── accepts@1.3.7
285 silly idealTree   ├── ajv@6.5.3
285 silly idealTree   ├── ansi-align@2.0.0
285 silly idealTree   ├── ansi-regex@3.0.0
285 silly idealTree   ├── ansi-styles@3.2.1
285 silly idealTree   ├── arch@2.1.2
285 silly idealTree   ├── arg@2.0.0
285 silly idealTree   ├── balanced-match@1.0.0
285 silly idealTree   ├── boxen@1.3.0
285 silly idealTree   ├── brace-expansion@1.1.11
285 silly idealTree   ├── bytes@3.0.0
285 silly idealTree   ├── camelcase@4.1.0
285 silly idealTree   ├── chalk@2.4.1
285 silly idealTree   ├── cli-boxes@1.0.0
285 silly idealTree   ├─┬ clipboardy@1.2.3
285 silly idealTree   │ └── execa@0.8.0
285 silly idealTree   ├── color-convert@1.9.3
285 silly idealTree   ├── color-name@1.1.3
285 silly idealTree   ├── compressible@2.0.18
285 silly idealTree   ├── compression@1.7.3
285 silly idealTree   ├── concat-map@0.0.1
285 silly idealTree   ├── content-disposition@0.5.2
285 silly idealTree   ├── cross-spawn@5.1.0
285 silly idealTree   ├── debug@2.6.9
285 silly idealTree   ├── deep-extend@0.6.0
285 silly idealTree   ├── escape-string-regexp@1.0.5
285 silly idealTree   ├── execa@0.7.0
285 silly idealTree   ├── fast-deep-equal@2.0.1
285 silly idealTree   ├── fast-json-stable-stringify@2.1.0
285 silly idealTree   ├─┬ fast-url-parser@1.1.3
285 silly idealTree   │ └── punycode@1.4.1
285 silly idealTree   ├── get-stream@3.0.0
285 silly idealTree   ├── has-flag@3.0.0
285 silly idealTree   ├── ini@1.3.5
285 silly idealTree   ├── is-fullwidth-code-point@2.0.0
285 silly idealTree   ├── is-stream@1.1.0
285 silly idealTree   ├── isexe@2.0.0
285 silly idealTree   ├── json-schema-traverse@0.4.1
285 silly idealTree   ├── lru-cache@4.1.5
285 silly idealTree   ├── mime-db@1.44.0
285 silly idealTree   ├── mime-types@2.1.27
285 silly idealTree   ├── minimatch@3.0.4
285 silly idealTree   ├── minimist@1.2.5
285 silly idealTree   ├── ms@2.0.0
285 silly idealTree   ├── negotiator@0.6.2
285 silly idealTree   ├── npm-run-path@2.0.2
285 silly idealTree   ├── on-headers@1.0.2
285 silly idealTree   ├── p-finally@1.0.0
285 silly idealTree   ├── path-is-inside@1.0.2
285 silly idealTree   ├── path-key@2.0.1
285 silly idealTree   ├── path-to-regexp@2.2.1
285 silly idealTree   ├── pseudomap@1.0.2
285 silly idealTree   ├── punycode@2.1.1
285 silly idealTree   ├── range-parser@1.2.0
285 silly idealTree   ├── rc@1.2.8
285 silly idealTree   ├── registry-auth-token@3.3.2
285 silly idealTree   ├── registry-url@3.1.0
285 silly idealTree   ├── safe-buffer@5.1.2
285 silly idealTree   ├─┬ serve-handler@6.1.3
285 silly idealTree   │ ├── mime-db@1.33.0
285 silly idealTree   │ └── mime-types@2.1.18
285 silly idealTree   ├── shebang-command@1.2.0
285 silly idealTree   ├── shebang-regex@1.0.0
285 silly idealTree   ├── signal-exit@3.0.3
285 silly idealTree   ├── string-width@2.1.1
285 silly idealTree   ├── strip-ansi@4.0.0
285 silly idealTree   ├── strip-eof@1.0.0
285 silly idealTree   ├── strip-json-comments@2.0.1
285 silly idealTree   ├── supports-color@5.5.0
285 silly idealTree   ├── term-size@1.2.0
285 silly idealTree   ├── update-check@1.5.2
285 silly idealTree   ├── uri-js@4.2.2
285 silly idealTree   ├── vary@1.1.2
285 silly idealTree   ├── which@1.3.1
285 silly idealTree   ├── widest-line@2.0.1
285 silly idealTree   └── yallist@2.1.2
286 silly install generateActionsToTake
287 warn checkPermissions Missing write access to /usr/local/lib
288 verbose stack Error: EACCES: permission denied, access '/usr/local/lib'
289 verbose cwd /home/andersonlima/allflix
290 verbose Linux 5.4.40-04224-g891a6cce2d44
291 verbose argv "/usr/bin/node" "/usr/bin/npm" "install" "-g" "serve"
292 verbose node v10.21.0
293 verbose npm  v5.8.0
294 error path /usr/local/lib
295 error code EACCES
296 error errno -13
297 error syscall access
298 error Error: EACCES: permission denied, access '/usr/local/lib'
298 error  { [Error: EACCES: permission denied, access '/usr/local/lib']
298 error   stack:
298 error    'Error: EACCES: permission denied, access \'/usr/local/lib\'',
298 error   errno: -13,
298 error   code: 'EACCES',
298 error   syscall: 'access',
298 error   path: '/usr/local/lib' }
299 error The operation was rejected by your operating system.
299 error It is likely you do not have the permissions to access this file as the current user
299 error
299 error If you believe this might be a permissions issue, please double-check the
299 error permissions of the file and its containing directories, or try running
299 error the command again as root/Administrator (though this is not recommended).
300 verbose exit [ -13, true ]
