Looking for git in: git
Using git 2.20.1 from git
> git rev-parse --show-toplevel
> git rev-parse --git-dir
Open repository: /home/andersonlima/anderson git js/anderson
> git fetch
> git status -z -u
> git symbolic-ref --short HEAD
> git rev-parse master
> git check-ignore -v -z --stdin
> git rev-parse --symbolic-full-name master@{u}
> git rev-list --left-right master...refs/remotes/origin/master
> git for-each-ref --sort -committerdate --format %(refname) %(objectname)
> git remote --verbose
> git config --get commit.template
> git status -z -u
> git show --textconv :Aluno.py
> git ls-files --stage -- /home/andersonlima/anderson git js/anderson/Aluno.py
> git symbolic-ref --short HEAD
> git rev-parse master
> git cat-file -s adf1e1e5a3c61f635b8792d233803789f0772ca3
> git rev-parse --symbolic-full-name master@{u}
> git rev-list --left-right master...refs/remotes/origin/master
> git for-each-ref --sort -committerdate --format %(refname) %(objectname)
> git remote --verbose
> git config --get commit.template
> git show --textconv :notas.py
> git ls-files --stage -- /home/andersonlima/anderson git js/anderson/notas.py
> git cat-file -s d4ecca5a101594f1b443bd3ce9218d8600980c16
> git show --textconv :notas.js
> git ls-files --stage -- /home/andersonlima/anderson git js/anderson/notas.js
> git cat-file -s dca0ad776f07ba949e296d416491684d4cd255f5
> git show --textconv :notas.py
> git ls-files --stage -- /home/andersonlima/anderson git js/anderson/notas.py
> git cat-file -s d4ecca5a101594f1b443bd3ce9218d8600980c16
> git fetch
> git status -z -u
> git symbolic-ref --short HEAD
> git rev-parse master
> git rev-parse --symbolic-full-name master@{u}
> git rev-list --left-right master...refs/remotes/origin/master
> git for-each-ref --sort -committerdate --format %(refname) %(objectname)
> git remote --verbose
> git config --get commit.template
> git ls-files --stage -- /home/andersonlima/anderson git js/anderson/notas.py
> git cat-file -s d4ecca5a101594f1b443bd3ce9218d8600980c16
> git show --textconv :notas.py
> git status -z -u
> git symbolic-ref --short HEAD
> git rev-parse master
> git rev-parse --symbolic-full-name master@{u}
> git rev-list --left-right master...refs/remotes/origin/master
> git for-each-ref --sort -committerdate --format %(refname) %(objectname)
> git remote --verbose
> git config --get commit.template
> git check-ignore -v -z --stdin
> git status -z -u
> git symbolic-ref --short HEAD
> git rev-parse master
> git rev-parse --symbolic-full-name master@{u}
