Looking for git in: git
Using git 2.20.1 from git
> git rev-parse --show-toplevel
> git rev-parse --git-dir
Open repository: /home/andersonlima
> git fetch
> git status -z -u
> git check-ignore -v -z --stdin
> git check-ignore -v -z --stdin
> git symbolic-ref --short HEAD
> git rev-parse master
fatal: ambiguous argument 'master': unknown revision or path not in the working tree.
Use '--' to separate paths from revisions, like this:
'git <command> [<revision>...] -- [<file>...]'
> git for-each-ref --sort -committerdate --format %(refname) %(objectname)
> git remote --verbose
> git config --get commit.template
> git status -z -u
> git symbolic-ref --short HEAD
> git rev-parse master
fatal: ambiguous argument 'master': unknown revision or path not in the working tree.
Use '--' to separate paths from revisions, like this:
'git <command> [<revision>...] -- [<file>...]'
> git for-each-ref --sort -committerdate --format %(refname) %(objectname)
> git remote --verbose
> git config --get commit.template
> git check-ignore -v -z --stdin
> git show --textconv :allflix/src/setupTests.js
> git ls-files --stage -- /home/andersonlima/allflix/src/setupTests.js
> git show --textconv :allflix/src/serviceWorker.js
> git ls-files --stage -- /home/andersonlima/allflix/src/serviceWorker.js
> git fetch
> git status -z -u
> git symbolic-ref --short HEAD
> git rev-parse master
fatal: ambiguous argument 'master': unknown revision or path not in the working tree.
Use '--' to separate paths from revisions, like this:
'git <command> [<revision>...] -- [<file>...]'
> git for-each-ref --sort -committerdate --format %(refname) %(objectname)
> git remote --verbose
> git config --get commit.template
> git show --textconv :allflix/src/index.js
> git ls-files --stage -- /home/andersonlima/allflix/src/index.js
> git fetch
> git status -z -u
> git symbolic-ref --short HEAD
> git rev-parse master
fatal: ambiguous argument 'master': unknown revision or path not in the working tree.
Use '--' to separate paths from revisions, like this:
'git <command> [<revision>...] -- [<file>...]'
> git for-each-ref --sort -committerdate --format %(refname) %(objectname)
> git remote --verbose
> git config --get commit.template
> git ls-files --stage -- /home/andersonlima/allflix/src/index.js
> git show --textconv :allflix/src/index.js
> git show --textconv :allflix/src/App.test.js
> git ls-files --stage -- /home/andersonlima/allflix/src/App.test.js
> git show --textconv :allflix/src/index.js
> git ls-files --stage -- /home/andersonlima/allflix/src/index.js
> git fetch
> git status -z -u
> git symbolic-ref --short HEAD
> git rev-parse master
fatal: ambiguous argument 'master': unknown revision or path not in the working tree.
Use '--' to separate paths from revisions, like this:
'git <command> [<revision>...] -- [<file>...]'
> git for-each-ref --sort -committerdate --format %(refname) %(objectname)
> git remote --verbose
> git config --get commit.template
> git ls-files --stage -- /home/andersonlima/allflix/src/index.js
> git show --textconv :allflix/src/index.js
> git show --textconv :allflix/src/index.css
> git ls-files --stage -- /home/andersonlima/allflix/src/index.css
> git show --textconv :allflix/src/App.js
> git ls-files --stage -- /home/andersonlima/allflix/src/App.js
> git fetch
> git status -z -u
> git symbolic-ref --short HEAD
> git rev-parse master
fatal: ambiguous argument 'master': unknown revision or path not in the working tree.
Use '--' to separate paths from revisions, like this:
'git <command> [<revision>...] -- [<file>...]'
> git for-each-ref --sort -committerdate --format %(refname) %(objectname)
> git remote --verbose
> git config --get commit.template
> git ls-files --stage -- /home/andersonlima/allflix/src/App.js
> git show --textconv :allflix/src/App.js
> git show --textconv :allflix/src/App.css
> git ls-files --stage -- /home/andersonlima/allflix/src/App.css
> git show --textconv :allflix/src/App.js
> git ls-files --stage -- /home/andersonlima/allflix/src/App.js
> git fetch
> git status -z -u
> git symbolic-ref --short HEAD
> git rev-parse master
fatal: ambiguous argument 'master': unknown revision or path not in the working tree.
Use '--' to separate paths from revisions, like this:
'git <command> [<revision>...] -- [<file>...]'
> git for-each-ref --sort -committerdate --format %(refname) %(objectname)
> git remote --verbose
> git config --get commit.template
> git ls-files --stage -- /home/andersonlima/allflix/src/App.js
> git show --textconv :allflix/src/App.js
> git show --textconv :allflix/public/index.html
> git ls-files --stage -- /home/andersonlima/allflix/public/index.html
> git fetch
> git status -z -u
> git symbolic-ref --short HEAD
> git rev-parse master
fatal: ambiguous argument 'master': unknown revision or path not in the working tree.
Use '--' to separate paths from revisions, like this:
'git <command> [<revision>...] -- [<file>...]'
> git for-each-ref --sort -committerdate --format %(refname) %(objectname)
> git remote --verbose
> git config --get commit.template
> git ls-files --stage -- /home/andersonlima/allflix/public/index.html
> git show --textconv :allflix/public/index.html
> git show --textconv :allflix/src/index.js
> git ls-files --stage -- /home/andersonlima/allflix/src/index.js
> git show --textconv :allflix/src/index.css
> git ls-files --stage -- /home/andersonlima/allflix/src/index.css
> git show --textconv :allflix/src/App.js
> git ls-files --stage -- /home/andersonlima/allflix/src/App.js
> git show --textconv :allflix/src/index.css
> git ls-files --stage -- /home/andersonlima/allflix/src/index.css
> git show --textconv :allflix/src/index.js
> git ls-files --stage -- /home/andersonlima/allflix/src/index.js
> git check-ignore -v -z --stdin
> git check-ignore -v -z --stdin
> git show --textconv :allflix/src/componentes/menu/index.js
> git ls-files --stage -- /home/andersonlima/allflix/src/componentes/menu/index.js
> git check-ignore -v -z --stdin
> git fetch
> git status -z -u
> git symbolic-ref --short HEAD
> git rev-parse master
fatal: ambiguous argument 'master': unknown revision or path not in the working tree.
Use '--' to separate paths from revisions, like this:
'git <command> [<revision>...] -- [<file>...]'
> git for-each-ref --sort -committerdate --format %(refname) %(objectname)
> git remote --verbose
> git config --get commit.template
> git ls-files --stage -- /home/andersonlima/allflix/src/componentes/menu/index.js
> git show --textconv :allflix/src/componentes/menu/index.js
> git fetch
> git status -z -u
> git symbolic-ref --short HEAD
> git rev-parse master
fatal: ambiguous argument 'master': unknown revision or path not in the working tree.
Use '--' to separate paths from revisions, like this:
'git <command> [<revision>...] -- [<file>...]'
> git for-each-ref --sort -committerdate --format %(refname) %(objectname)
> git remote --verbose
> git config --get commit.template
> git ls-files --stage -- /home/andersonlima/allflix/src/componentes/menu/index.js
> git show --textconv :allflix/src/componentes/menu/index.js
> git show --textconv :allflix/src/App.js
> git ls-files --stage -- /home/andersonlima/allflix/src/App.js
> git show --textconv :allflix/src/componentes/menu/index.js
> git ls-files --stage -- /home/andersonlima/allflix/src/componentes/menu/index.js
> git show --textconv :allflix/src/App.js
> git ls-files --stage -- /home/andersonlima/allflix/src/App.js
> git show --textconv :allflix/src/index.js
> git ls-files --stage -- /home/andersonlima/allflix/src/index.js
> git show --textconv :allflix/src/App.js
> git ls-files --stage -- /home/andersonlima/allflix/src/App.js
> git show --textconv :allflix/src/index.js
> git ls-files --stage -- /home/andersonlima/allflix/src/index.js
> git show --textconv :allflix/src/componentes/menu/index.js
> git ls-files --stage -- /home/andersonlima/allflix/src/componentes/menu/index.js
> git fetch
> git status -z -u
> git symbolic-ref --short HEAD
> git rev-parse master
fatal: ambiguous argument 'master': unknown revision or path not in the working tree.
Use '--' to separate paths from revisions, like this:
'git <command> [<revision>...] -- [<file>...]'
> git for-each-ref --sort -committerdate --format %(refname) %(objectname)
> git remote --verbose
> git config --get commit.template
> git ls-files --stage -- /home/andersonlima/allflix/src/componentes/menu/index.js
> git show --textconv :allflix/src/componentes/menu/index.js
> git show --textconv :allflix/src/App.js
> git ls-files --stage -- /home/andersonlima/allflix/src/App.js
> git show --textconv :allflix/src/componentes/menu/index.js
> git ls-files --stage -- /home/andersonlima/allflix/src/componentes/menu/index.js
> git show --textconv :allflix/src/App.js
> git ls-files --stage -- /home/andersonlima/allflix/src/App.js
> git show --textconv :allflix/src/index.js
> git ls-files --stage -- /home/andersonlima/allflix/src/index.js
> git show --textconv :allflix/src/index.css
> git ls-files --stage -- /home/andersonlima/allflix/src/index.css
> git show --textconv :allflix/src/App.js
> git ls-files --stage -- /home/andersonlima/allflix/src/App.js
> git fetch
> git status -z -u
> git symbolic-ref --short HEAD
> git rev-parse master
fatal: ambiguous argument 'master': unknown revision or path not in the working tree.
Use '--' to separate paths from revisions, like this:
'git <command> [<revision>...] -- [<file>...]'
> git for-each-ref --sort -committerdate --format %(refname) %(objectname)
> git remote --verbose
> git config --get commit.template
> git ls-files --stage -- /home/andersonlima/allflix/src/App.js
> git show --textconv :allflix/src/App.js
> git check-ignore -v -z --stdin
> git fetch
> git status -z -u
> git symbolic-ref --short HEAD
> git rev-parse master
fatal: ambiguous argument 'master': unknown revision or path not in the working tree.
Use '--' to separate paths from revisions, like this:
'git <command> [<revision>...] -- [<file>...]'
> git for-each-ref --sort -committerdate --format %(refname) %(objectname)
> git remote --verbose
> git config --get commit.template
> git ls-files --stage -- /home/andersonlima/allflix/src/App.js
> git show --textconv :allflix/src/App.js
> git show --textconv :allflix/src/componentes/Menu/index.js
> git ls-files --stage -- /home/andersonlima/allflix/src/componentes/Menu/index.js
> git check-ignore -v -z --stdin
> git check-ignore -v -z --stdin
> git fetch
> git status -z -u
> git symbolic-ref --short HEAD
> git rev-parse master
fatal: ambiguous argument 'master': unknown revision or path not in the working tree.
Use '--' to separate paths from revisions, like this:
'git <command> [<revision>...] -- [<file>...]'
> git for-each-ref --sort -committerdate --format %(refname) %(objectname)
> git remote --verbose
> git config --get commit.template
> git ls-files --stage -- /home/andersonlima/allflix/src/componentes/Menu/index.js
> git show --textconv :allflix/src/componentes/Menu/index.js
> git check-ignore -v -z --stdin
> git check-ignore -v -z --stdin
> git check-ignore -v -z --stdin
> git show --textconv :allflix/src/componentes/Menu/index.js
> git ls-files --stage -- /home/andersonlima/allflix/src/componentes/Menu/index.js
> git check-ignore -v -z --stdin
> git check-ignore -v -z --stdin
> git check-ignore -v -z --stdin
> git fetch
> git status -z -u
> git symbolic-ref --short HEAD
> git rev-parse master
fatal: ambiguous argument 'master': unknown revision or path not in the working tree.
Use '--' to separate paths from revisions, like this:
'git <command> [<revision>...] -- [<file>...]'
> git for-each-ref --sort -committerdate --format %(refname) %(objectname)
> git remote --verbose
> git config --get commit.template
> git ls-files --stage -- /home/andersonlima/allflix/src/componentes/Menu/index.js
> git show --textconv :allflix/src/componentes/Menu/index.js
> git show --textconv :allflix/src/App.js
> git ls-files --stage -- /home/andersonlima/allflix/src/App.js
> git show --textconv :allflix/src/componentes/Menu/index.js
> git ls-files --stage -- /home/andersonlima/allflix/src/componentes/Menu/index.js
> git show --textconv :allflix/src/App.js
> git ls-files --stage -- /home/andersonlima/allflix/src/App.js
> git show --textconv :allflix/src/componentes/Menu/index.js
> git ls-files --stage -- /home/andersonlima/allflix/src/componentes/Menu/index.js
> git fetch
> git status -z -u
> git symbolic-ref --short HEAD
> git rev-parse master
fatal: ambiguous argument 'master': unknown revision or path not in the working tree.
Use '--' to separate paths from revisions, like this:
'git <command> [<revision>...] -- [<file>...]'
> git for-each-ref --sort -committerdate --format %(refname) %(objectname)
> git remote --verbose
> git config --get commit.template
> git ls-files --stage -- /home/andersonlima/allflix/src/componentes/Menu/index.js
> git show --textconv :allflix/src/componentes/Menu/index.js
> git show --textconv :allflix/src/index.css
> git ls-files --stage -- /home/andersonlima/allflix/src/index.css
> git show --textconv :allflix/src/App.js
> git ls-files --stage -- /home/andersonlima/allflix/src/App.js
> git fetch
> git status -z -u
> git symbolic-ref --short HEAD
> git rev-parse master
fatal: ambiguous argument 'master': unknown revision or path not in the working tree.
Use '--' to separate paths from revisions, like this:
'git <command> [<revision>...] -- [<file>...]'
> git for-each-ref --sort -committerdate --format %(refname) %(objectname)
> git remote --verbose
> git config --get commit.template
> git ls-files --stage -- /home/andersonlima/allflix/src/App.js
> git show --textconv :allflix/src/App.js
> git show --textconv :allflix/src/componentes/Menu/index.js
> git ls-files --stage -- /home/andersonlima/allflix/src/componentes/Menu/index.js
> git show --textconv :allflix/src/App.js
> git ls-files --stage -- /home/andersonlima/allflix/src/App.js
> git show --textconv :allflix/src/componentes/Menu/index.js
> git ls-files --stage -- /home/andersonlima/allflix/src/componentes/Menu/index.js
> git fetch
> git status -z -u
> git symbolic-ref --short HEAD
> git rev-parse master
fatal: ambiguous argument 'master': unknown revision or path not in the working tree.
Use '--' to separate paths from revisions, like this:
'git <command> [<revision>...] -- [<file>...]'
> git for-each-ref --sort -committerdate --format %(refname) %(objectname)
> git remote --verbose
> git config --get commit.template
> git ls-files --stage -- /home/andersonlima/allflix/src/componentes/Menu/index.js
> git show --textconv :allflix/src/componentes/Menu/index.js
> git check-ignore -v -z --stdin
> git check-ignore -v -z --stdin
> git fetch
> git status -z -u
> git symbolic-ref --short HEAD
> git rev-parse master
fatal: ambiguous argument 'master': unknown revision or path not in the working tree.
Use '--' to separate paths from revisions, like this:
'git <command> [<revision>...] -- [<file>...]'
> git for-each-ref --sort -committerdate --format %(refname) %(objectname)
> git remote --verbose
> git config --get commit.template
> git ls-files --stage -- /home/andersonlima/allflix/src/componentes/Menu/index.js
> git show --textconv :allflix/src/componentes/Menu/index.js
> git check-ignore -v -z --stdin
> git check-ignore -v -z --stdin
> git check-ignore -v -z --stdin
> git check-ignore -v -z --stdin
> git check-ignore -v -z --stdin
> git check-ignore -v -z --stdin
> git fetch
> git status -z -u
> git symbolic-ref --short HEAD
> git rev-parse master
fatal: ambiguous argument 'master': unknown revision or path not in the working tree.
Use '--' to separate paths from revisions, like this:
'git <command> [<revision>...] -- [<file>...]'
> git for-each-ref --sort -committerdate --format %(refname) %(objectname)
> git remote --verbose
> git config --get commit.template
> git show --textconv :allflix/src/componentes/Menu/index.js
> git ls-files --stage -- /home/andersonlima/allflix/src/componentes/Menu/index.js
> git fetch
> git status -z -u
> git symbolic-ref --short HEAD
> git rev-parse master
fatal: ambiguous argument 'master': unknown revision or path not in the working tree.
Use '--' to separate paths from revisions, like this:
'git <command> [<revision>...] -- [<file>...]'
> git for-each-ref --sort -committerdate --format %(refname) %(objectname)
> git remote --verbose
> git config --get commit.template
> git ls-files --stage -- /home/andersonlima/allflix/src/componentes/Menu/index.js
> git show --textconv :allflix/src/componentes/Menu/index.js
> git show --textconv :allflix/public/index.html
> git ls-files --stage -- /home/andersonlima/allflix/public/index.html
> git show --textconv :allflix/public/index.html
> git ls-files --stage -- /home/andersonlima/allflix/public/index.html
> git show --textconv :allflix/public/index.html
> git ls-files --stage -- /home/andersonlima/allflix/public/index.html
> git show --textconv :allflix/src/App.js
> git ls-files --stage -- /home/andersonlima/allflix/src/App.js
> git fetch
> git status -z -u
> git symbolic-ref --short HEAD
> git rev-parse master
fatal: ambiguous argument 'master': unknown revision or path not in the working tree.
Use '--' to separate paths from revisions, like this:
'git <command> [<revision>...] -- [<file>...]'
> git for-each-ref --sort -committerdate --format %(refname) %(objectname)
> git remote --verbose
> git config --get commit.template
> git ls-files --stage -- /home/andersonlima/allflix/src/App.js
> git show --textconv :allflix/src/App.js
> git show --textconv :allflix/src/componentes/Menu/index.js
> git ls-files --stage -- /home/andersonlima/allflix/src/componentes/Menu/index.js
> git show --textconv :allflix/src/componentes/Menu/Menu.css
> git ls-files --stage -- /home/andersonlima/allflix/src/componentes/Menu/Menu.css
> git check-ignore -v -z --stdin
> git show --textconv :allflix/src/App.js
> git ls-files --stage -- /home/andersonlima/allflix/src/App.js
> git fetch
> git status -z -u
> git symbolic-ref --short HEAD
> git rev-parse master
fatal: ambiguous argument 'master': unknown revision or path not in the working tree.
Use '--' to separate paths from revisions, like this:
'git <command> [<revision>...] -- [<file>...]'
> git for-each-ref --sort -committerdate --format %(refname) %(objectname)
> git remote --verbose
> git config --get commit.template
> git ls-files --stage -- /home/andersonlima/allflix/src/App.js
> git show --textconv :allflix/src/App.js
> git fetch
> git status -z -u
> git symbolic-ref --short HEAD
> git rev-parse master
fatal: ambiguous argument 'master': unknown revision or path not in the working tree.
Use '--' to separate paths from revisions, like this:
'git <command> [<revision>...] -- [<file>...]'
> git for-each-ref --sort -committerdate --format %(refname) %(objectname)
> git remote --verbose
> git config --get commit.template
> git ls-files --stage -- /home/andersonlima/allflix/src/App.js
> git show --textconv :allflix/src/App.js
> git show --textconv :allflix/src/componentes/Menu/index.js
> git ls-files --stage -- /home/andersonlima/allflix/src/componentes/Menu/index.js
> git fetch
> git status -z -u
> git symbolic-ref --short HEAD
> git rev-parse master
fatal: ambiguous argument 'master': unknown revision or path not in the working tree.
Use '--' to separate paths from revisions, like this:
'git <command> [<revision>...] -- [<file>...]'
> git for-each-ref --sort -committerdate --format %(refname) %(objectname)
> git remote --verbose
> git config --get commit.template
> git ls-files --stage -- /home/andersonlima/allflix/src/componentes/Menu/index.js
> git show --textconv :allflix/src/componentes/Menu/index.js
> git fetch
> git status -z -u
> git symbolic-ref --short HEAD
> git rev-parse master
fatal: ambiguous argument 'master': unknown revision or path not in the working tree.
Use '--' to separate paths from revisions, like this:
'git <command> [<revision>...] -- [<file>...]'
> git for-each-ref --sort -committerdate --format %(refname) %(objectname)
> git remote --verbose
> git config --get commit.template
> git ls-files --stage -- /home/andersonlima/allflix/src/componentes/Menu/index.js
> git show --textconv :allflix/src/componentes/Menu/index.js
> git check-ignore -v -z --stdin
> git show --textconv :allflix/src/index.js
> git ls-files --stage -- /home/andersonlima/allflix/src/index.js
> git show --textconv :allflix/src/componentes/Menu/index.js
> git ls-files --stage -- /home/andersonlima/allflix/src/componentes/Menu/index.js
> git check-ignore -v -z --stdin
> git show --textconv :allflix/node_modules/react-scripts/lib/react-app.d.ts
> git ls-files --stage -- /home/andersonlima/allflix/node_modules/react-scripts/lib/react-app.d.ts
> git check-ignore -v -z --stdin
> git show --textconv :allflix/src/componentes/Menu/index.js
> git ls-files --stage -- /home/andersonlima/allflix/src/componentes/Menu/index.js
> git check-ignore -v -z --stdin
> git fetch
> git status -z -u
> git symbolic-ref --short HEAD
> git rev-parse master
fatal: ambiguous argument 'master': unknown revision or path not in the working tree.
Use '--' to separate paths from revisions, like this:
'git <command> [<revision>...] -- [<file>...]'
> git for-each-ref --sort -committerdate --format %(refname) %(objectname)
> git remote --verbose
> git config --get commit.template
> git ls-files --stage -- /home/andersonlima/allflix/src/componentes/Menu/index.js
> git show --textconv :allflix/src/componentes/Menu/index.js
> git fetch
> git status -z -u
> git symbolic-ref --short HEAD
> git rev-parse master
fatal: ambiguous argument 'master': unknown revision or path not in the working tree.
Use '--' to separate paths from revisions, like this:
'git <command> [<revision>...] -- [<file>...]'
> git for-each-ref --sort -committerdate --format %(refname) %(objectname)
> git remote --verbose
> git config --get commit.template
> git ls-files --stage -- /home/andersonlima/allflix/src/componentes/Menu/index.js
> git show --textconv :allflix/src/componentes/Menu/index.js
> git check-ignore -v -z --stdin
> git check-ignore -v -z --stdin
> git show --textconv :allflix/src/componentes/Menu/index.js
> git ls-files --stage -- /home/andersonlima/allflix/src/componentes/Menu/index.js
> git show --textconv :allflix/src/componentes/Menu/Menu.css
> git ls-files --stage -- /home/andersonlima/allflix/src/componentes/Menu/Menu.css
> git show --textconv :allflix/src/componentes/Menu/index.js
> git ls-files --stage -- /home/andersonlima/allflix/src/componentes/Menu/index.js
> git show --textconv :allflix/src/componentes/Menu/Menu.css
> git ls-files --stage -- /home/andersonlima/allflix/src/componentes/Menu/Menu.css
> git show --textconv :allflix/src/componentes/ComponentsMenu/Menu.css
> git ls-files --stage -- /home/andersonlima/allflix/src/componentes/ComponentsMenu/Menu.css
> git check-ignore -v -z --stdin
> git fetch
> git status -z -u
> git symbolic-ref --short HEAD
> git rev-parse master
fatal: ambiguous argument 'master': unknown revision or path not in the working tree.
Use '--' to separate paths from revisions, like this:
'git <command> [<revision>...] -- [<file>...]'
> git for-each-ref --sort -committerdate --format %(refname) %(objectname)
> git remote --verbose
> git config --get commit.template
> git ls-files --stage -- /home/andersonlima/allflix/src/componentes/ComponentsMenu/Menu.css
> git show --textconv :allflix/src/componentes/ComponentsMenu/Menu.css
> git show --textconv :allflix/src/componentes/ComponentsMenu/index.js
> git ls-files --stage -- /home/andersonlima/allflix/src/componentes/ComponentsMenu/index.js
> git check-ignore -v -z --stdin
> git check-ignore -v -z --stdin
> git check-ignore -v -z --stdin
> git check-ignore -v -z --stdin
> git show --textconv :allflix/src/App.js
> git ls-files --stage -- /home/andersonlima/allflix/src/App.js
> git show --textconv :allflix/src/logo.svg
> git ls-files --stage -- /home/andersonlima/allflix/src/logo.svg
> git check-ignore -v -z --stdin
> git show --textconv :allflix/src/App.js
> git ls-files --stage -- /home/andersonlima/allflix/src/App.js
> git check-ignore -v -z --stdin
> git show --textconv :allflix/src/assets/img/components/Menu/App.js
> git ls-files --stage -- /home/andersonlima/allflix/src/assets/img/components/Menu/App.js
> git check-ignore -v -z --stdin
> git check-ignore -v -z --stdin
> git show --textconv :allflix/package-lock.json
> git ls-files --stage -- /home/andersonlima/allflix/package-lock.json
> git fetch
> git status -z -u
> git symbolic-ref --short HEAD
> git rev-parse master
fatal: ambiguous argument 'master': unknown revision or path not in the working tree.
Use '--' to separate paths from revisions, like this:
'git <command> [<revision>...] -- [<file>...]'
> git for-each-ref --sort -committerdate --format %(refname) %(objectname)
> git remote --verbose
> git ls-files --stage -- /home/andersonlima/allflix/package-lock.json
> git config --get commit.template
> git show --textconv :allflix/package-lock.json
> git show --textconv :allflix/src/assets/img/components/Menu/App.js
> git ls-files --stage -- /home/andersonlima/allflix/src/assets/img/components/Menu/App.js
> git show --textconv :allflix/components/Menu/App.js
> git ls-files --stage -- /home/andersonlima/allflix/components/Menu/App.js
> git check-ignore -v -z --stdin
> git show --textconv :allflix/src/Menu/App.js
> git ls-files --stage -- /home/andersonlima/allflix/src/Menu/App.js
> git check-ignore -v -z --stdin
> git show --textconv :allflix/src/Menu/index.js
> git ls-files --stage -- /home/andersonlima/allflix/src/Menu/index.js
> git show --textconv :allflix/src/index.js
> git ls-files --stage -- /home/andersonlima/allflix/src/index.js
> git show --textconv :allflix/src/index.css
> git ls-files --stage -- /home/andersonlima/allflix/src/index.css
> git show --textconv :allflix/src/Menu/App.js
> git ls-files --stage -- /home/andersonlima/allflix/src/Menu/App.js
> git show --textconv :allflix/src/index.js
> git ls-files --stage -- /home/andersonlima/allflix/src/index.js
> git show --textconv :allflix/src/index.css
> git ls-files --stage -- /home/andersonlima/allflix/src/index.css
> git show --textconv :allflix/src/Menu/App.js
> git ls-files --stage -- /home/andersonlima/allflix/src/Menu/App.js
> git fetch
> git status -z -u
> git symbolic-ref --short HEAD
> git rev-parse master
fatal: ambiguous argument 'master': unknown revision or path not in the working tree.
Use '--' to separate paths from revisions, like this:
'git <command> [<revision>...] -- [<file>...]'
> git for-each-ref --sort -committerdate --format %(refname) %(objectname)
> git remote --verbose
> git config --get commit.template
> git ls-files --stage -- /home/andersonlima/allflix/src/Menu/App.js
> git show --textconv :allflix/src/Menu/App.js
> git show --textconv :allflix/src/Menu/index.js
> git ls-files --stage -- /home/andersonlima/allflix/src/Menu/index.js
> git check-ignore -v -z --stdin
> git show --textconv :allflix/src/components/Menu/index.js
> git ls-files --stage -- /home/andersonlima/allflix/src/components/Menu/index.js
> git check-ignore -v -z --stdin
> git fetch
> git status -z -u
> git symbolic-ref --short HEAD
> git rev-parse master
fatal: ambiguous argument 'master': unknown revision or path not in the working tree.
Use '--' to separate paths from revisions, like this:
'git <command> [<revision>...] -- [<file>...]'
> git for-each-ref --sort -committerdate --format %(refname) %(objectname)
> git remote --verbose
> git config --get commit.template
> git ls-files --stage -- /home/andersonlima/allflix/src/components/Menu/index.js
> git show --textconv :allflix/src/components/Menu/index.js
> git show --textconv :allflix/src/index.js
> git ls-files --stage -- /home/andersonlima/allflix/src/index.js
> git show --textconv :allflix/src/index.css
> git ls-files --stage -- /home/andersonlima/allflix/src/index.css
> git show --textconv :allflix/src/components/Menu/index.js
> git ls-files --stage -- /home/andersonlima/allflix/src/components/Menu/index.js
> git show --textconv :allflix/src/components/Menu/Menu.css
> git ls-files --stage -- /home/andersonlima/allflix/src/components/Menu/Menu.css
> git check-ignore -v -z --stdin
> git fetch
> git status -z -u
> git symbolic-ref --short HEAD
> git rev-parse master
fatal: ambiguous argument 'master': unknown revision or path not in the working tree.
Use '--' to separate paths from revisions, like this:
'git <command> [<revision>...] -- [<file>...]'
> git for-each-ref --sort -committerdate --format %(refname) %(objectname)
> git remote --verbose
> git config --get commit.template
> git ls-files --stage -- /home/andersonlima/allflix/src/components/Menu/Menu.css
> git show --textconv :allflix/src/components/Menu/Menu.css
> git show --textconv :allflix/src/components/Menu/index.js
> git ls-files --stage -- /home/andersonlima/allflix/src/components/Menu/index.js
> git fetch
> git status -z -u
> git symbolic-ref --short HEAD
> git rev-parse master
fatal: ambiguous argument 'master': unknown revision or path not in the working tree.
Use '--' to separate paths from revisions, like this:
'git <command> [<revision>...] -- [<file>...]'
> git for-each-ref --sort -committerdate --format %(refname) %(objectname)
> git remote --verbose
> git config --get commit.template
> git ls-files --stage -- /home/andersonlima/allflix/src/components/Menu/index.js
> git show --textconv :allflix/src/components/Menu/index.js
> git show --textconv :allflix/src/components/Menu/app.js
> git ls-files --stage -- /home/andersonlima/allflix/src/components/Menu/app.js
> git check-ignore -v -z --stdin
> git show --textconv :allflix/src/components/Menu/index.js
> git ls-files --stage -- /home/andersonlima/allflix/src/components/Menu/index.js
> git show --textconv :allflix/src/components/Menu/app.js
> git ls-files --stage -- /home/andersonlima/allflix/src/components/Menu/app.js
> git show --textconv :allflix/src/components/Menu/index.js
> git ls-files --stage -- /home/andersonlima/allflix/src/components/Menu/index.js
> git fetch
> git status -z -u
> git symbolic-ref --short HEAD
> git rev-parse master
fatal: ambiguous argument 'master': unknown revision or path not in the working tree.
Use '--' to separate paths from revisions, like this:
'git <command> [<revision>...] -- [<file>...]'
> git for-each-ref --sort -committerdate --format %(refname) %(objectname)
> git remote --verbose
> git config --get commit.template
> git ls-files --stage -- /home/andersonlima/allflix/src/components/Menu/index.js
> git show --textconv :allflix/src/components/Menu/index.js
> git show --textconv :allflix/src/components/Menu/app.js
> git ls-files --stage -- /home/andersonlima/allflix/src/components/Menu/app.js
> git show --textconv :allflix/src/components/Menu/index.js
> git ls-files --stage -- /home/andersonlima/allflix/src/components/Menu/index.js
> git fetch
> git status -z -u
> git symbolic-ref --short HEAD
> git rev-parse master
fatal: ambiguous argument 'master': unknown revision or path not in the working tree.
Use '--' to separate paths from revisions, like this:
'git <command> [<revision>...] -- [<file>...]'
> git for-each-ref --sort -committerdate --format %(refname) %(objectname)
> git remote --verbose
> git config --get commit.template
> git ls-files --stage -- /home/andersonlima/allflix/src/components/Menu/index.js
> git show --textconv :allflix/src/components/Menu/index.js
> git show --textconv :allflix/src/components/Menu/Menu.css
> git ls-files --stage -- /home/andersonlima/allflix/src/components/Menu/Menu.css
> git fetch
> git status -z -u
> git symbolic-ref --short HEAD
> git rev-parse master
fatal: ambiguous argument 'master': unknown revision or path not in the working tree.
Use '--' to separate paths from revisions, like this:
'git <command> [<revision>...] -- [<file>...]'
> git for-each-ref --sort -committerdate --format %(refname) %(objectname)
> git remote --verbose
> git config --get commit.template
> git ls-files --stage -- /home/andersonlima/allflix/src/components/Menu/Menu.css
> git show --textconv :allflix/src/components/Menu/Menu.css
> git show --textconv :allflix/src/components/Menu/index.js
> git ls-files --stage -- /home/andersonlima/allflix/src/components/Menu/index.js
> git fetch
> git status -z -u
> git symbolic-ref --short HEAD
> git rev-parse master
fatal: ambiguous argument 'master': unknown revision or path not in the working tree.
Use '--' to separate paths from revisions, like this:
'git <command> [<revision>...] -- [<file>...]'
> git for-each-ref --sort -committerdate --format %(refname) %(objectname)
> git remote --verbose
> git config --get commit.template
> git ls-files --stage -- /home/andersonlima/allflix/src/components/Menu/index.js
> git show --textconv :allflix/src/components/Menu/index.js
> git fetch
> git status -z -u
> git symbolic-ref --short HEAD
> git rev-parse master
fatal: ambiguous argument 'master': unknown revision or path not in the working tree.
Use '--' to separate paths from revisions, like this:
'git <command> [<revision>...] -- [<file>...]'
> git for-each-ref --sort -committerdate --format %(refname) %(objectname)
> git remote --verbose
> git config --get commit.template
> git ls-files --stage -- /home/andersonlima/allflix/src/components/Menu/index.js
> git show --textconv :allflix/src/components/Menu/index.js
> git show --textconv :allflix/src/components/Menu/Menu.css
> git ls-files --stage -- /home/andersonlima/allflix/src/components/Menu/Menu.css
> git fetch
> git status -z -u
> git symbolic-ref --short HEAD
> git rev-parse master
fatal: ambiguous argument 'master': unknown revision or path not in the working tree.
Use '--' to separate paths from revisions, like this:
'git <command> [<revision>...] -- [<file>...]'
> git for-each-ref --sort -committerdate --format %(refname) %(objectname)
> git remote --verbose
> git config --get commit.template
> git show --textconv :allflix/src/components/Menu/Menu.css
> git ls-files --stage -- /home/andersonlima/allflix/src/components/Menu/Menu.css
> git show --textconv :allflix/src/components/Menu/index.js
> git ls-files --stage -- /home/andersonlima/allflix/src/components/Menu/index.js
> git fetch
> git status -z -u
> git symbolic-ref --short HEAD
> git rev-parse master
fatal: ambiguous argument 'master': unknown revision or path not in the working tree.
Use '--' to separate paths from revisions, like this:
'git <command> [<revision>...] -- [<file>...]'
> git for-each-ref --sort -committerdate --format %(refname) %(objectname)
> git remote --verbose
> git config --get commit.template
> git ls-files --stage -- /home/andersonlima/allflix/src/components/Menu/index.js
> git show --textconv :allflix/src/components/Menu/index.js
> git check-ignore -v -z --stdin
> git check-ignore -v -z --stdin
> git show --textconv :allflix/src/components/components/ButtonLink/index.js
> git ls-files --stage -- /home/andersonlima/allflix/src/components/components/ButtonLink/index.js
> git check-ignore -v -z --stdin
> git show --textconv :allflix/src/index.js
> git ls-files --stage -- /home/andersonlima/allflix/src/index.js
> git show --textconv :allflix/src/components/Menu/app.js
> git ls-files --stage -- /home/andersonlima/allflix/src/components/Menu/app.js
> git show --textconv :allflix/src/components/Menu/index.js
> git ls-files --stage -- /home/andersonlima/allflix/src/components/Menu/index.js
> git show --textconv :allflix/src/components/components/ButtonLink/index.js
> git ls-files --stage -- /home/andersonlima/allflix/src/components/components/ButtonLink/index.js
> git fetch
> git status -z -u
> git symbolic-ref --short HEAD
> git rev-parse master
fatal: ambiguous argument 'master': unknown revision or path not in the working tree.
Use '--' to separate paths from revisions, like this:
'git <command> [<revision>...] -- [<file>...]'
> git for-each-ref --sort -committerdate --format %(refname) %(objectname)
> git remote --verbose
> git config --get commit.template
> git ls-files --stage -- /home/andersonlima/allflix/src/components/components/ButtonLink/index.js
> git show --textconv :allflix/src/components/components/ButtonLink/index.js
> git fetch
> git status -z -u
> git symbolic-ref --short HEAD
> git rev-parse master
fatal: ambiguous argument 'master': unknown revision or path not in the working tree.
Use '--' to separate paths from revisions, like this:
'git <command> [<revision>...] -- [<file>...]'
> git for-each-ref --sort -committerdate --format %(refname) %(objectname)
> git remote --verbose
> git config --get commit.template
> git ls-files --stage -- /home/andersonlima/allflix/src/components/components/ButtonLink/index.js
> git show --textconv :allflix/src/components/components/ButtonLink/index.js
> git fetch
> git status -z -u
> git symbolic-ref --short HEAD
> git rev-parse master
fatal: ambiguous argument 'master': unknown revision or path not in the working tree.
Use '--' to separate paths from revisions, like this:
'git <command> [<revision>...] -- [<file>...]'
> git for-each-ref --sort -committerdate --format %(refname) %(objectname)
> git remote --verbose
> git config --get commit.template
> git ls-files --stage -- /home/andersonlima/allflix/src/components/components/ButtonLink/index.js
> git show --textconv :allflix/src/components/components/ButtonLink/index.js
> git show --textconv :allflix/src/components/Menu/index.js
> git ls-files --stage -- /home/andersonlima/allflix/src/components/Menu/index.js
> git fetch
> git status -z -u
> git symbolic-ref --short HEAD
> git rev-parse master
fatal: ambiguous argument 'master': unknown revision or path not in the working tree.
Use '--' to separate paths from revisions, like this:
'git <command> [<revision>...] -- [<file>...]'
> git for-each-ref --sort -committerdate --format %(refname) %(objectname)
> git remote --verbose
> git config --get commit.template
> git ls-files --stage -- /home/andersonlima/allflix/src/components/Menu/index.js
> git show --textconv :allflix/src/components/Menu/index.js
> git fetch
> git status -z -u
> git symbolic-ref --short HEAD
> git rev-parse master
fatal: ambiguous argument 'master': unknown revision or path not in the working tree.
Use '--' to separate paths from revisions, like this:
'git <command> [<revision>...] -- [<file>...]'
> git for-each-ref --sort -committerdate --format %(refname) %(objectname)
> git remote --verbose
> git config --get commit.template
> git ls-files --stage -- /home/andersonlima/allflix/src/components/Menu/index.js
> git show --textconv :allflix/src/components/Menu/index.js
> git fetch
> git status -z -u
> git symbolic-ref --short HEAD
> git rev-parse master
fatal: ambiguous argument 'master': unknown revision or path not in the working tree.
Use '--' to separate paths from revisions, like this:
'git <command> [<revision>...] -- [<file>...]'
> git for-each-ref --sort -committerdate --format %(refname) %(objectname)
> git remote --verbose
> git config --get commit.template
> git ls-files --stage -- /home/andersonlima/allflix/src/components/Menu/index.js
> git show --textconv :allflix/src/components/Menu/index.js
> git fetch
> git status -z -u
> git symbolic-ref --short HEAD
> git rev-parse master
fatal: ambiguous argument 'master': unknown revision or path not in the working tree.
Use '--' to separate paths from revisions, like this:
'git <command> [<revision>...] -- [<file>...]'
> git for-each-ref --sort -committerdate --format %(refname) %(objectname)
> git remote --verbose
> git config --get commit.template
> git ls-files --stage -- /home/andersonlima/allflix/src/components/Menu/index.js
> git show --textconv :allflix/src/components/Menu/index.js
> git show --textconv :allflix/src/components/components/ButtonLink/index.js
> git ls-files --stage -- /home/andersonlima/allflix/src/components/components/ButtonLink/index.js
> git fetch
> git status -z -u
> git symbolic-ref --short HEAD
> git rev-parse master
fatal: ambiguous argument 'master': unknown revision or path not in the working tree.
Use '--' to separate paths from revisions, like this:
'git <command> [<revision>...] -- [<file>...]'
> git for-each-ref --sort -committerdate --format %(refname) %(objectname)
> git remote --verbose
> git config --get commit.template
> git ls-files --stage -- /home/andersonlima/allflix/src/components/components/ButtonLink/index.js
> git show --textconv :allflix/src/components/components/ButtonLink/index.js
> git show --textconv :allflix/src/components/Menu/index.js
> git ls-files --stage -- /home/andersonlima/allflix/src/components/Menu/index.js
> git show --textconv :allflix/src/components/components/ButtonLink/index.js
> git ls-files --stage -- /home/andersonlima/allflix/src/components/components/ButtonLink/index.js
> git show --textconv :allflix/src/components/Menu/index.js
> git ls-files --stage -- /home/andersonlima/allflix/src/components/Menu/index.js
> git fetch
> git status -z -u
> git symbolic-ref --short HEAD
> git rev-parse master
fatal: ambiguous argument 'master': unknown revision or path not in the working tree.
Use '--' to separate paths from revisions, like this:
'git <command> [<revision>...] -- [<file>...]'
> git for-each-ref --sort -committerdate --format %(refname) %(objectname)
> git remote --verbose
> git config --get commit.template
> git ls-files --stage -- /home/andersonlima/allflix/src/components/Menu/index.js
> git show --textconv :allflix/src/components/Menu/index.js
> git show --textconv :allflix/src/components/components/ButtonLink/index.js
> git ls-files --stage -- /home/andersonlima/allflix/src/components/components/ButtonLink/index.js
> git show --textconv :allflix/src/components/Menu/index.js
> git ls-files --stage -- /home/andersonlima/allflix/src/components/Menu/index.js
> git show --textconv :allflix/src/components/components/ButtonLink/index.js
> git ls-files --stage -- /home/andersonlima/allflix/src/components/components/ButtonLink/index.js
> git show --textconv :allflix/src/components/Menu/index.js
> git ls-files --stage -- /home/andersonlima/allflix/src/components/Menu/index.js
> git fetch
> git status -z -u
> git symbolic-ref --short HEAD
> git rev-parse master
fatal: ambiguous argument 'master': unknown revision or path not in the working tree.
Use '--' to separate paths from revisions, like this:
'git <command> [<revision>...] -- [<file>...]'
> git for-each-ref --sort -committerdate --format %(refname) %(objectname)
> git remote --verbose
> git config --get commit.template
> git ls-files --stage -- /home/andersonlima/allflix/src/components/Menu/index.js
> git show --textconv :allflix/src/components/Menu/index.js
> git show --textconv :allflix/src/components/components/ButtonLink/index.js
> git ls-files --stage -- /home/andersonlima/allflix/src/components/components/ButtonLink/index.js
> git show --textconv :allflix/src/components/Menu/index.js
> git ls-files --stage -- /home/andersonlima/allflix/src/components/Menu/index.js
> git fetch
> git status -z -u
> git symbolic-ref --short HEAD
> git rev-parse master
fatal: ambiguous argument 'master': unknown revision or path not in the working tree.
Use '--' to separate paths from revisions, like this:
'git <command> [<revision>...] -- [<file>...]'
> git for-each-ref --sort -committerdate --format %(refname) %(objectname)
> git remote --verbose
> git config --get commit.template
> git ls-files --stage -- /home/andersonlima/allflix/src/components/Menu/index.js
> git show --textconv :allflix/src/components/Menu/index.js
> git show --textconv :allflix/src/components/components/ButtonLink/index.js
> git ls-files --stage -- /home/andersonlima/allflix/src/components/components/ButtonLink/index.js
> git show --textconv :allflix/src/components/Menu/index.js
> git ls-files --stage -- /home/andersonlima/allflix/src/components/Menu/index.js
> git fetch
> git status -z -u
> git symbolic-ref --short HEAD
> git rev-parse master
fatal: ambiguous argument 'master': unknown revision or path not in the working tree.
Use '--' to separate paths from revisions, like this:
'git <command> [<revision>...] -- [<file>...]'
> git for-each-ref --sort -committerdate --format %(refname) %(objectname)
> git remote --verbose
> git config --get commit.template
> git ls-files --stage -- /home/andersonlima/allflix/src/components/Menu/index.js
> git show --textconv :allflix/src/components/Menu/index.js
> git fetch
> git status -z -u
> git symbolic-ref --short HEAD
> git rev-parse master
fatal: ambiguous argument 'master': unknown revision or path not in the working tree.
Use '--' to separate paths from revisions, like this:
'git <command> [<revision>...] -- [<file>...]'
> git for-each-ref --sort -committerdate --format %(refname) %(objectname)
> git remote --verbose
> git config --get commit.template
> git ls-files --stage -- /home/andersonlima/allflix/src/components/Menu/index.js
> git show --textconv :allflix/src/components/Menu/index.js
> git fetch
> git status -z -u
> git symbolic-ref --short HEAD
> git rev-parse master
fatal: ambiguous argument 'master': unknown revision or path not in the working tree.
Use '--' to separate paths from revisions, like this:
'git <command> [<revision>...] -- [<file>...]'
> git for-each-ref --sort -committerdate --format %(refname) %(objectname)
> git remote --verbose
> git config --get commit.template
> git ls-files --stage -- /home/andersonlima/allflix/src/components/Menu/index.js
> git show --textconv :allflix/src/components/Menu/index.js
> git show --textconv :allflix/src/components/components/ButtonLink/index.js
> git ls-files --stage -- /home/andersonlima/allflix/src/components/components/ButtonLink/index.js
> git show --textconv :allflix/src/components/Menu/index.js
> git ls-files --stage -- /home/andersonlima/allflix/src/components/Menu/index.js
> git fetch
> git status -z -u
> git symbolic-ref --short HEAD
> git rev-parse master
fatal: ambiguous argument 'master': unknown revision or path not in the working tree.
Use '--' to separate paths from revisions, like this:
'git <command> [<revision>...] -- [<file>...]'
> git for-each-ref --sort -committerdate --format %(refname) %(objectname)
> git remote --verbose
> git config --get commit.template
> git ls-files --stage -- /home/andersonlima/allflix/src/components/Menu/index.js
> git show --textconv :allflix/src/components/Menu/index.js
> git show --textconv :allflix/src/components/components/ButtonLink/index.js
> git ls-files --stage -- /home/andersonlima/allflix/src/components/components/ButtonLink/index.js
> git show --textconv :allflix/src/components/Menu/index.js
> git ls-files --stage -- /home/andersonlima/allflix/src/components/Menu/index.js
> git fetch
> git status -z -u
> git symbolic-ref --short HEAD
> git rev-parse master
fatal: ambiguous argument 'master': unknown revision or path not in the working tree.
Use '--' to separate paths from revisions, like this:
'git <command> [<revision>...] -- [<file>...]'
> git for-each-ref --sort -committerdate --format %(refname) %(objectname)
> git remote --verbose
> git config --get commit.template
> git ls-files --stage -- /home/andersonlima/allflix/src/components/Menu/index.js
> git show --textconv :allflix/src/components/Menu/index.js
> git check-ignore -v -z --stdin
> git check-ignore -v -z --stdin
> git fetch
> git status -z -u
> git symbolic-ref --short HEAD
> git rev-parse master
fatal: ambiguous argument 'master': unknown revision or path not in the working tree.
Use '--' to separate paths from revisions, like this:
'git <command> [<revision>...] -- [<file>...]'
> git for-each-ref --sort -committerdate --format %(refname) %(objectname)
> git remote --verbose
> git config --get commit.template
> git ls-files --stage -- /home/andersonlima/allflix/src/components/Menu/index.js
> git show --textconv :allflix/src/components/Menu/index.js
> git check-ignore -v -z --stdin
> git fetch
> git status -z -u
> git symbolic-ref --short HEAD
> git rev-parse master
fatal: ambiguous argument 'master': unknown revision or path not in the working tree.
Use '--' to separate paths from revisions, like this:
'git <command> [<revision>...] -- [<file>...]'
> git for-each-ref --sort -committerdate --format %(refname) %(objectname)
> git remote --verbose
> git config --get commit.template
> git ls-files --stage -- /home/andersonlima/allflix/src/components/Menu/index.js
> git show --textconv :allflix/src/components/Menu/index.js
> git check-ignore -v -z --stdin
> git show --textconv :allflix/src/index.js
> git ls-files --stage -- /home/andersonlima/allflix/src/index.js
> git show --textconv :allflix/src/index.css
> git ls-files --stage -- /home/andersonlima/allflix/src/index.css
> git check-ignore -v -z --stdin
> git show --textconv :allflix/src/components/Menu/index.js
> git ls-files --stage -- /home/andersonlima/allflix/src/components/Menu/index.js
> git fetch
> git status -z -u
> git symbolic-ref --short HEAD
> git rev-parse master
fatal: ambiguous argument 'master': unknown revision or path not in the working tree.
Use '--' to separate paths from revisions, like this:
'git <command> [<revision>...] -- [<file>...]'
> git for-each-ref --sort -committerdate --format %(refname) %(objectname)
> git remote --verbose
> git config --get commit.template
> git ls-files --stage -- /home/andersonlima/allflix/src/components/Menu/index.js
> git show --textconv :allflix/src/components/Menu/index.js
> git fetch
> git status -z -u
> git symbolic-ref --short HEAD
> git rev-parse master
fatal: ambiguous argument 'master': unknown revision or path not in the working tree.
Use '--' to separate paths from revisions, like this:
'git <command> [<revision>...] -- [<file>...]'
> git for-each-ref --sort -committerdate --format %(refname) %(objectname)
> git remote --verbose
> git config --get commit.template
> git ls-files --stage -- /home/andersonlima/allflix/src/components/Menu/index.js
> git show --textconv :allflix/src/components/Menu/index.js
> git fetch
> git status -z -u
> git symbolic-ref --short HEAD
> git rev-parse master
fatal: ambiguous argument 'master': unknown revision or path not in the working tree.
Use '--' to separate paths from revisions, like this:
'git <command> [<revision>...] -- [<file>...]'
> git for-each-ref --sort -committerdate --format %(refname) %(objectname)
> git remote --verbose
> git config --get commit.template
> git ls-files --stage -- /home/andersonlima/allflix/src/components/Menu/index.js
> git show --textconv :allflix/src/components/Menu/index.js
> git check-ignore -v -z --stdin
> git fetch
> git status -z -u
> git symbolic-ref --short HEAD
> git rev-parse master
fatal: ambiguous argument 'master': unknown revision or path not in the working tree.
Use '--' to separate paths from revisions, like this:
'git <command> [<revision>...] -- [<file>...]'
> git for-each-ref --sort -committerdate --format %(refname) %(objectname)
> git remote --verbose
> git config --get commit.template
> git ls-files --stage -- /home/andersonlima/allflix/src/components/Menu/index.js
> git show --textconv :allflix/src/components/Menu/index.js
> git check-ignore -v -z --stdin
