Looking for git in: git
Using git 2.20.1 from git
> git rev-parse --show-toplevel
> git rev-parse --git-dir
Open repository: /home/andersonlima
> git fetch
> git status -z -u
> git check-ignore -v -z --stdin
> git check-ignore -v -z --stdin
> git check-ignore -v -z --stdin
> git log --format=%H%n%aN%n%aE%n%at%n%ct%n%P%n%B -z -n21 -- /home/andersonlima/allflix/src/components/Carousel/components/VideoCard/index.js
fatal: your current branch 'master' does not have any commits yet
> git remote add origin https://github.com/Andersonlima1/andersonlima.git
fatal: remote origin already exists.
> git log --format=%H%n%aN%n%aE%n%at%n%ct%n%P%n%B -z -n21 -- /home/andersonlima/allflix/src/components/Carousel/components/VideoCard/index.js
fatal: your current branch 'master' does not have any commits yet
> git remote add a https://github.com/Andersonlima1/ALLFLIX/upload/master
> git remote add origin https://github.com/Andersonlima1/andersonappflix.git
fatal: remote origin already exists.
> git remote add k https://github.com/Andersonlima1/andersonappflix.git
> git remote add origin https://github.com/Andersonlima1/anderson.1.git
fatal: remote origin already exists.
