Visual Studio Code GitHub Extension
git symbolic-ref -q HEAD
git --version
git for-each-ref --format='%(upstream)' 'refs/heads/master'
git config --local --get remote.origin.url
git config --local --get-regexp ^remote.*.url
Command failed with exit code 1: git config --local --get remote.origin.url
Error: Command failed with exit code 1: git config --local --get remote.origin.url
	at makeError (/home/andersonlima/.vscode/extensions/knisterpeter.vscode-github-0.30.3/node_modules/execa/lib/error.js:56:11)
	at handlePromise (/home/andersonlima/.vscode/extensions/knisterpeter.vscode-github-0.30.3/node_modules/execa/index.js:114:26)
	at processTicksAndRejections (internal/process/task_queues.js:85:5)


Your configuration contains an invalid remoteName. You should probably use one of these:

1

Failed to connect to provider "Command failed with exit code 1: git config --local --get remote.origin.url"
git branch
git symbolic-ref -q HEAD
git for-each-ref --format='%(upstream)' 'refs/heads/master'
git config --local --get remote.origin.url
git config --local --get-regexp ^remote.*.url
Command failed with exit code 1: git config --local --get remote.origin.url
Error: Command failed with exit code 1: git config --local --get remote.origin.url
	at makeError (/home/andersonlima/.vscode/extensions/knisterpeter.vscode-github-0.30.3/node_modules/execa/lib/error.js:56:11)
	at handlePromise (/home/andersonlima/.vscode/extensions/knisterpeter.vscode-github-0.30.3/node_modules/execa/index.js:114:26)
	at processTicksAndRejections (internal/process/task_queues.js:85:5)


Your configuration contains an invalid remoteName. You should probably use one of these:

1

