git remote show something -n  (completed in 0.049s)
git remote show remote-name -n  (completed in 0.085s)
git remote show origin -n  (completed in 0.109s)
git remote show ok -n  (completed in 0.132s)
git remote show k -n  (completed in 0.151s)
git remote show app -n  (completed in 0.169s)
git remote show allflix -n  (completed in 0.186s)
git remote show a -n  (completed in 0.201s)
git remote show ALLFLIX -n  (completed in 0.219s)
git remote show 1 -n  (completed in 0.235s)
git log --full-history --pretty=oneline --date-order --decorate=full --skip=0 --max-count=100 master --  (completed in 0.253s)
git rev-list --full-history --count master --  (completed in 0.271s)
git shortlog -e -s -n HEAD  (completed in 0.068s)
git rev-list --full-history --count master --  (completed in 0.037s)
git log --full-history --pretty=oneline --date-order --decorate=full --skip=0 --max-count=100 master --  (completed in 0.022s)
git rev-list --full-history --count master --  (completed in 0.037s)
git log --full-history --pretty=oneline --date-order --decorate=full --skip=0 --max-count=100 master --  (completed in 0.022s)
git rev-list --full-history --count master --  (completed in 0.033s)
git log --full-history --pretty=oneline --date-order --decorate=full --skip=0 --max-count=100 master --  (completed in 0.018s)
git rev-list --full-history --count master --  (completed in 0.087s)
git log --full-history --pretty=oneline --date-order --decorate=full --skip=0 --max-count=100 master --  (completed in 0.025s)
git show --pretty=oneline --decorate=full --numstat 704085d062a10eaddacbf2e30851dc11d550243f  (completed in 0.086s)
git show --name-status --pretty=oneline -M --first-parent 704085d062a10eaddacbf2e30851dc11d550243f  (completed in 0.032s)
git show --pretty=oneline --decorate=full --numstat 74832eee70b88d1c18ce77c54fad9890c53218e5  (completed in 0.028s)
git show --name-status --pretty=oneline -M --first-parent 74832eee70b88d1c18ce77c54fad9890c53218e5  (completed in 0.023s)
git rev-list --full-history --count master --  (completed in 0.063s)
git log --full-history --pretty=oneline --date-order --decorate=full --skip=0 --max-count=100 master --  (completed in 0.032s)
